<?xml version="1.0" encoding="UTF-8"?>
<!-- Generated by org.testng.reporters.JUnitReportReporter -->
<testsuite hostname="MacBook-Pro.local" failures="0" tests="4" name="TestCaseforTNG.TestParameterizationBrowser" time="8.121" errors="0" timestamp="2020-09-08T16:45:03 CDT" skipped="0">
  <testcase classname="TestCaseforTNG.TestParameterizationBrowser" name="doLogin" time="2.030"/>
  <system-out/>
  <testcase classname="TestCaseforTNG.TestParameterizationBrowser" name="doLogin" time="2.030"/>
  <system-out/>
  <testcase classname="TestCaseforTNG.TestParameterizationBrowser" name="doLogin" time="2.031"/>
  <system-out/>
  <testcase classname="TestCaseforTNG.TestParameterizationBrowser" name="doLogin" time="2.030"/>
  <system-out/>
</testsuite> <!-- TestCaseforTNG.TestParameterizationBrowser -->
