<?xml version="1.0" encoding="UTF-8"?>
<!-- Generated by org.testng.reporters.JUnitReportReporter -->
<testsuite hostname="MacBook-Pro.local" failures="0" tests="4" name="TestCaseforTNG.TestParameterization" time="0.008" errors="0" timestamp="2020-09-08T16:29:06 CDT" skipped="0">
  <testcase classname="TestCaseforTNG.TestParameterization" name="testData" time="0.001"/>
  <system-out/>
  <testcase classname="TestCaseforTNG.TestParameterization" name="testData" time="0.001"/>
  <system-out/>
  <testcase classname="TestCaseforTNG.TestParameterization" name="testData" time="0.005"/>
  <system-out/>
  <testcase classname="TestCaseforTNG.TestParameterization" name="testData" time="0.001"/>
  <system-out/>
</testsuite> <!-- TestCaseforTNG.TestParameterization -->
